IntentFilterP1/app/build/intermediates/manifest_merge_blame_file/debug/processDebugMainManifest/manifest-merger-blame-debug-report.txt
1<?xml version="1.0" encoding="utf-8"?>
2<manifest xmlns:android="http://schemas.android.com/apk/res/android"
3    package="com.example.intentfilterp1"
4    android:versionCode="1"
5    android:versionName="1.0" >
6
7    <uses-sdk
7-->src\main\AndroidManifest.xml:6:5-8:41
8        android:minSdkVersion="8"
8-->src\main\AndroidManifest.xml:7:9-34
9        android:targetSdkVersion="15" />
9-->src\main\AndroidManifest.xml:8:9-38
10
11    <application
11-->src\main\AndroidManifest.xml:10:5-27:19
12        android:debuggable="true"
13        android:icon="@drawable/ic_launcher"
13-->src\main\AndroidManifest.xml:11:9-45
14        android:label="@string/app_name"
14-->src\main\AndroidManifest.xml:12:9-41
15        android:testOnly="true"
16        android:theme="@style/AppTheme" >
16-->src\main\AndroidManifest.xml:13:9-40
17        <activity
17-->src\main\AndroidManifest.xml:14:9-26:20
18            android:name="com.example.intentfilterp1.IT1"
18-->src\main\AndroidManifest.xml:15:13-32
19            android:label="@string/title_activity_it1" >
19-->src\main\AndroidManifest.xml:16:13-55
20            <intent-filter>
20-->src\main\AndroidManifest.xml:17:13-21:29
21                <action android:name="android.intent.action.MAIN" />
21-->src\main\AndroidManifest.xml:18:17-69
21-->src\main\AndroidManifest.xml:18:25-66
22
23                <category android:name="android.intent.category.LAUNCHER" />
23-->src\main\AndroidManifest.xml:20:17-77
23-->src\main\AndroidManifest.xml:20:27-74
24            </intent-filter>
25            <intent-filter>
25-->src\main\AndroidManifest.xml:22:13-25:29
26                <action android:name="TESTE" />
26-->src\main\AndroidManifest.xml:23:17-47
26-->src\main\AndroidManifest.xml:23:25-45
27
28                <category android:name="Categoria_teste" />
28-->src\main\AndroidManifest.xml:24:17-59
28-->src\main\AndroidManifest.xml:24:27-57
29            </intent-filter>
30        </activity>
31    </application>
32
33</manifest>